[0m20:23:25.135197 [debug] [MainThread]: Sending event: {'category': 'dbt', 'action': 'invocation', 'label': 'start', 'context': [<snowplow_tracker.self_describing_json.SelfDescribingJson object at 0x0000012B0A5AA2D0>, <snowplow_tracker.self_describing_json.SelfDescribingJson object at 0x0000012B0A5A89E0>, <snowplow_tracker.self_describing_json.SelfDescribingJson object at 0x0000012B0C031F40>]}


============================== 20:23:25.393803 | ed6733a0-228e-49d4-b3fa-70f329f09ef2 ==============================
[0m20:23:25.393803 [info ] [MainThread]: Running with dbt=1.11.7
[0m20:23:25.394782 [debug] [MainThread]: running dbt with arguments {'static_parser': 'True', 'no_print': 'None', 'version_check': 'True', 'warn_error_options': 'WarnErrorOptionsV2(error=[], warn=[], silence=[])', 'target_path': 'None', 'printer_width': '80', 'write_json': 'True', 'empty': 'None', 'log_cache_events': 'False', 'introspect': 'True', 'cache_selected_only': 'False', 'log_format': 'default', 'debug': 'False', 'fail_fast': 'False', 'partial_parse': 'True', 'send_anonymous_usage_stats': 'True', 'quiet': 'False', 'warn_error': 'None', 'profiles_dir': 'C:\\Users\\MAYUKH\\.dbt', 'invocation_command': 'dbt init', 'indirect_selection': 'eager', 'use_colors': 'True', 'use_experimental_parser': 'False', 'log_path': 'logs'}
[0m20:23:26.064607 [info ] [MainThread]: Creating dbt configuration folder at C:\Users\MAYUKH\.dbt
[0m20:24:50.562267 [debug] [MainThread]: Starter project path: D:\dbt_airbnb\.venv\Lib\site-packages\dbt\include\starter_project
[0m20:24:50.596754 [info ] [MainThread]: 
Your new dbt project "aws_snowflake_dbt_project" was created!

For more information on how to configure the profiles.yml file,
please consult the dbt documentation here:

  https://docs.getdbt.com/docs/configure-your-profile

One more thing:

Need help? Don't hesitate to reach out to us via GitHub issues or on Slack:

  https://community.getdbt.com/

Happy modeling!

[0m20:24:50.597756 [info ] [MainThread]: Setting up your profile.
[0m20:25:09.382807 [debug] [MainThread]: Snowflake adapter: Setting snowflake.connector to ERROR (file logging only)
[0m20:25:09.383822 [debug] [MainThread]: Snowflake adapter: Setting botocore to ERROR (file logging only)
[0m20:25:09.383822 [debug] [MainThread]: Snowflake adapter: Setting boto3 to ERROR (file logging only)
[0m20:28:14.090911 [info ] [MainThread]: Profile aws_snowflake_dbt_project written to C:\Users\MAYUKH\.dbt\profiles.yml using target's profile_template.yml and your supplied values. Run 'dbt debug' to validate the connection.
[0m20:28:14.092929 [debug] [MainThread]: Command `dbt init` succeeded at 20:28:14.092929 after 289.14 seconds
[0m20:28:14.093929 [debug] [MainThread]: Sending event: {'category': 'dbt', 'action': 'invocation', 'label': 'end', 'context': [<snowplow_tracker.self_describing_json.SelfDescribingJson object at 0x0000012B0DDA1400>, <snowplow_tracker.self_describing_json.SelfDescribingJson object at 0x0000012B0CC99C40>, <snowplow_tracker.self_describing_json.SelfDescribingJson object at 0x0000012B0E8EEA50>]}
[0m20:28:14.093929 [debug] [MainThread]: Flushing usage events
[0m20:28:15.847140 [debug] [MainThread]: An error was encountered while trying to flush usage events
[0m13:00:29.351499 [debug] [MainThread]: Sending event: {'category': 'dbt', 'action': 'invocation', 'label': 'start', 'context': [<snowplow_tracker.self_describing_json.SelfDescribingJson object at 0x000002552332D160>, <snowplow_tracker.self_describing_json.SelfDescribingJson object at 0x00000255239A1F70>, <snowplow_tracker.self_describing_json.SelfDescribingJson object at 0x000002551FD80560>]}


============================== 13:00:29.360305 | eb3f6118-faca-4f53-9c53-38fa5e78e1fa ==============================
[0m13:00:29.360305 [info ] [MainThread]: Running with dbt=1.11.7
[0m13:00:29.360305 [debug] [MainThread]: running dbt with arguments {'static_parser': 'True', 'no_print': 'None', 'version_check': 'True', 'target_path': 'None', 'warn_error_options': 'WarnErrorOptionsV2(error=[], warn=[], silence=[])', 'printer_width': '80', 'write_json': 'True', 'introspect': 'True', 'log_cache_events': 'False', 'empty': 'False', 'cache_selected_only': 'False', 'log_format': 'default', 'debug': 'False', 'fail_fast': 'False', 'profiles_dir': 'C:\\Users\\MAYUKH\\.dbt', 'send_anonymous_usage_stats': 'True', 'quiet': 'False', 'warn_error': 'None', 'partial_parse': 'True', 'indirect_selection': 'eager', 'use_colors': 'True', 'invocation_command': 'dbt run', 'use_experimental_parser': 'False', 'log_path': 'logs'}
[0m13:00:29.361312 [error] [MainThread]: Encountered an error:
Runtime Error
  No dbt_project.yml found at expected path D:\dbt_airbnb\dbt_project.yml
  Verify that each entry within packages.yml (and their transitive dependencies) contains a file named dbt_project.yml
  
[0m13:00:29.362311 [debug] [MainThread]: Command `dbt run` failed at 13:00:29.362311 after 0.22 seconds
[0m13:00:29.362311 [debug] [MainThread]: Sending event: {'category': 'dbt', 'action': 'invocation', 'label': 'end', 'context': [<snowplow_tracker.self_describing_json.SelfDescribingJson object at 0x000002552353D370>, <snowplow_tracker.self_describing_json.SelfDescribingJson object at 0x00000255237E7E30>, <snowplow_tracker.self_describing_json.SelfDescribingJson object at 0x00000255234C55B0>]}
[0m13:00:29.363312 [debug] [MainThread]: Flushing usage events
[0m13:00:30.841830 [debug] [MainThread]: An error was encountered while trying to flush usage events
[0m13:00:52.738143 [debug] [MainThread]: Sending event: {'category': 'dbt', 'action': 'invocation', 'label': 'start', 'context': [<snowplow_tracker.self_describing_json.SelfDescribingJson object at 0x0000025A527498B0>, <snowplow_tracker.self_describing_json.SelfDescribingJson object at 0x0000025A52E3CA10>, <snowplow_tracker.self_describing_json.SelfDescribingJson object at 0x0000025A55759460>]}


============================== 13:00:52.743284 | ad78d1bd-b055-45b8-8d34-0ac9c1cf00a1 ==============================
[0m13:00:52.743284 [info ] [MainThread]: Running with dbt=1.11.7
[0m13:00:52.744281 [debug] [MainThread]: running dbt with arguments {'version_check': 'True', 'no_print': 'None', 'static_parser': 'True', 'warn_error_options': 'WarnErrorOptionsV2(error=[], warn=[], silence=[])', 'target_path': 'None', 'printer_width': '80', 'write_json': 'True', 'introspect': 'True', 'log_cache_events': 'False', 'empty': 'False', 'cache_selected_only': 'False', 'fail_fast': 'False', 'debug': 'False', 'log_format': 'default', 'profiles_dir': 'C:\\Users\\MAYUKH\\.dbt', 'send_anonymous_usage_stats': 'True', 'quiet': 'False', 'warn_error': 'None', 'partial_parse': 'True', 'invocation_command': 'dbt run', 'indirect_selection': 'eager', 'use_colors': 'True', 'use_experimental_parser': 'False', 'log_path': 'logs'}
[0m13:00:52.745283 [error] [MainThread]: Encountered an error:
Runtime Error
  No dbt_project.yml found at expected path D:\dbt_airbnb\dbt_project.yml
  Verify that each entry within packages.yml (and their transitive dependencies) contains a file named dbt_project.yml
  
[0m13:00:52.745283 [debug] [MainThread]: Command `dbt run` failed at 13:00:52.745283 after 0.14 seconds
[0m13:00:52.746279 [debug] [MainThread]: Sending event: {'category': 'dbt', 'action': 'invocation', 'label': 'end', 'context': [<snowplow_tracker.self_describing_json.SelfDescribingJson object at 0x0000025A527498B0>, <snowplow_tracker.self_describing_json.SelfDescribingJson object at 0x0000025A55F32E70>, <snowplow_tracker.self_describing_json.SelfDescribingJson object at 0x0000025A55F32FF0>]}
[0m13:00:52.746279 [debug] [MainThread]: Flushing usage events
[0m13:00:54.341468 [debug] [MainThread]: An error was encountered while trying to flush usage events
